# JRE version: Java(TM) SE Runtime Environment (7.0_80-b15) (build 1.7.0_80-b15)
# Java VM: Java HotSpot(TM) 64-Bit Server VM (24.80-b11 mixed mode linux-amd64 compressed oops)
Heap
 PSYoungGen      total 309760K, used 3072K [0x00000007c2200000, 0x00000007d5400000, 0x0000000800000000)
  eden space 306688K, 0% used [0x00000007c2200000,0x00000007c2200000,0x00000007d4d80000)
  from space 3072K, 100% used [0x00000007d4d80000,0x00000007d5080000,0x00000007d5080000)
  to   space 2560K, 0% used [0x00000007d5080000,0x00000007d5080000,0x00000007d5300000)
 ParOldGen       total 126464K, used 2320K [0x0000000746600000, 0x000000074e180000, 0x00000007c2200000)
  object space 126464K, 1% used [0x0000000746600000,0x0000000746844080,0x000000074e180000)
 PSPermGen       total 21504K, used 4073K [0x0000000741400000, 0x0000000742900000, 0x0000000746600000)
  object space 21504K, 18% used [0x0000000741400000,0x00000007417fa400,0x0000000742900000)
GC Heap History (10 events):
Event: 5.467 GC heap after
Heap after GC invocations=6 (full 0):
 PSYoungGen      total 97280K, used 720K [0x00000007c2200000, 0x00000007c8200000, 0x0000000800000000)
  eden space 96256K, 0% used [0x00000007c2200000,0x00000007c2200000,0x00000007c8000000)
  from space 1024K, 70% used [0x00000007c8100000,0x00000007c81b4010,0x00000007c8200000)
  to   space 1024K, 0% used [0x00000007c8000000,0x00000007c8000000,0x00000007c8100000)
 ParOldGen       total 126464K, used 40K [0x0000000746600000, 0x000000074e180000, 0x00000007c2200000)
  object space 126464K, 0% used [0x0000000746600000,0x000000074660a000,0x000000074e180000)
 PSPermGen       total 21504K, used 4002K [0x0000000741400000, 0x0000000742900000, 0x0000000746600000)
  object space 21504K, 18% used [0x0000000741400000,0x00000007417e8a20,0x0000000742900000)
}
Event: 5.857 GC heap before
{Heap before GC invocations=7 (full 0):
 PSYoungGen      total 97280K, used 96976K [0x00000007c2200000, 0x00000007c8200000, 0x0000000800000000)
  eden space 96256K, 100% used [0x00000007c2200000,0x00000007c8000000,0x00000007c8000000)
  from space 1024K, 70% used [0x00000007c8100000,0x00000007c81b4010,0x00000007c8200000)
  to   space 1024K, 0% used [0x00000007c8000000,0x00000007c8000000,0x00000007c8100000)
 ParOldGen       total 126464K, used 40K [0x0000000746600000, 0x000000074e180000, 0x00000007c2200000)
  object space 126464K, 0% used [0x0000000746600000,0x000000074660a000,0x000000074e180000)
 PSPermGen       total 21504K, used 4042K [0x0000000741400000, 0x0000000742900000, 0x0000000746600000)
  object space 21504K, 18% used [0x0000000741400000,0x00000007417f2850,0x0000000742900000)
Event: 5.863 GC heap after
Heap after GC invocations=7 (full 0):
 PSYoungGen      total 97280K, used 1024K [0x00000007c2200000, 0x00000007ce100000, 0x0000000800000000)
  eden space 96256K, 0% used [0x00000007c2200000,0x00000007c2200000,0x00000007c8000000)
  from space 1024K, 100% used [0x00000007c8000000,0x00000007c8100000,0x00000007c8100000)
  to   space 1536K, 0% used [0x00000007cdf80000,0x00000007cdf80000,0x00000007ce100000)
 ParOldGen       total 126464K, used 872K [0x0000000746600000, 0x000000074e180000, 0x00000007c2200000)
  object space 126464K, 0% used [0x0000000746600000,0x00000007466da060,0x000000074e180000)
 PSPermGen       total 21504K, used 4042K [0x0000000741400000, 0x0000000742900000, 0x0000000746600000)
  object space 21504K, 18% used [0x0000000741400000,0x00000007417f2850,0x0000000742900000)
}
Event: 6.063 GC heap before
{Heap before GC invocations=8 (full 0):
 PSYoungGen      total 97280K, used 97280K [0x00000007c2200000, 0x00000007ce100000, 0x0000000800000000)
  eden space 96256K, 100% used [0x00000007c2200000,0x00000007c8000000,0x00000007c8000000)
  from space 1024K, 100% used [0x00000007c8000000,0x00000007c8100000,0x00000007c8100000)
  to   space 1536K, 0% used [0x00000007cdf80000,0x00000007cdf80000,0x00000007ce100000)
 ParOldGen       total 126464K, used 872K [0x0000000746600000, 0x000000074e180000, 0x00000007c2200000)
  object space 126464K, 0% used [0x0000000746600000,0x00000007466da060,0x000000074e180000)
 PSPermGen       total 21504K, used 4054K [0x0000000741400000, 0x0000000742900000, 0x0000000746600000)
  object space 21504K, 18% used [0x0000000741400000,0x00000007417f5bf0,0x0000000742900000)
Event: 6.069 GC heap after
Heap after GC invocations=8 (full 0):
 PSYoungGen      total 193536K, used 1440K [0x00000007c2200000, 0x00000007ce200000, 0x0000000800000000)
  eden space 192000K, 0% used [0x00000007c2200000,0x00000007c2200000,0x00000007cdd80000)
  from space 1536K, 93% used [0x00000007cdf80000,0x00000007ce0e8000,0x00000007ce100000)
  to   space 2048K, 0% used [0x00000007cdd80000,0x00000007cdd80000,0x00000007cdf80000)
 ParOldGen       total 126464K, used 944K [0x0000000746600000, 0x000000074e180000, 0x00000007c2200000)
  object space 126464K, 0% used [0x0000000746600000,0x00000007466ec060,0x000000074e180000)
 PSPermGen       total 21504K, used 4054K [0x0000000741400000, 0x0000000742900000, 0x0000000746600000)
  object space 21504K, 18% used [0x0000000741400000,0x00000007417f5bf0,0x0000000742900000)
}
Event: 6.339 GC heap before
{Heap before GC invocations=9 (full 0):
 PSYoungGen      total 193536K, used 193440K [0x00000007c2200000, 0x00000007ce200000, 0x0000000800000000)
  eden space 192000K, 100% used [0x00000007c2200000,0x00000007cdd80000,0x00000007cdd80000)
  from space 1536K, 93% used [0x00000007cdf80000,0x00000007ce0e8000,0x00000007ce100000)
  to   space 2048K, 0% used [0x00000007cdd80000,0x00000007cdd80000,0x00000007cdf80000)
 ParOldGen       total 126464K, used 944K [0x0000000746600000, 0x000000074e180000, 0x00000007c2200000)
  object space 126464K, 0% used [0x0000000746600000,0x00000007466ec060,0x000000074e180000)
 PSPermGen       total 21504K, used 4073K [0x0000000741400000, 0x0000000742900000, 0x0000000746600000)
  object space 21504K, 18% used [0x0000000741400000,0x00000007417fa400,0x0000000742900000)
Event: 6.351 GC heap after
Heap after GC invocations=9 (full 0):
 PSYoungGen      total 194048K, used 2048K [0x00000007c2200000, 0x00000007d5300000, 0x0000000800000000)
  eden space 192000K, 0% used [0x00000007c2200000,0x00000007c2200000,0x00000007cdd80000)
  from space 2048K, 100% used [0x00000007cdd80000,0x00000007cdf80000,0x00000007cdf80000)
  to   space 2560K, 0% used [0x00000007d5080000,0x00000007d5080000,0x00000007d5300000)
 ParOldGen       total 126464K, used 1496K [0x0000000746600000, 0x000000074e180000, 0x00000007c2200000)
  object space 126464K, 1% used [0x0000000746600000,0x0000000746776060,0x000000074e180000)
 PSPermGen       total 21504K, used 4073K [0x0000000741400000, 0x0000000742900000, 0x0000000746600000)
  object space 21504K, 18% used [0x0000000741400000,0x00000007417fa400,0x0000000742900000)
}
Event: 6.525 GC heap before
{Heap before GC invocations=10 (full 0):
 PSYoungGen      total 194048K, used 194048K [0x00000007c2200000, 0x00000007d5300000, 0x0000000800000000)
  eden space 192000K, 100% used [0x00000007c2200000,0x00000007cdd80000,0x00000007cdd80000)
  from space 2048K, 100% used [0x00000007cdd80000,0x00000007cdf80000,0x00000007cdf80000)
  to   space 2560K, 0% used [0x00000007d5080000,0x00000007d5080000,0x00000007d5300000)
 ParOldGen       total 126464K, used 1496K [0x0000000746600000, 0x000000074e180000, 0x00000007c2200000)
  object space 126464K, 1% used [0x0000000746600000,0x0000000746776060,0x000000074e180000)
 PSPermGen       total 21504K, used 4073K [0x0000000741400000, 0x0000000742900000, 0x0000000746600000)
  object space 21504K, 18% used [0x0000000741400000,0x00000007417fa400,0x0000000742900000)
Event: 6.535 GC heap after
Heap after GC invocations=10 (full 0):
 PSYoungGen      total 309248K, used 2432K [0x00000007c2200000, 0x00000007d5400000, 0x0000000800000000)
  eden space 306688K, 0% used [0x00000007c2200000,0x00000007c2200000,0x00000007d4d80000)
  from space 2560K, 95% used [0x00000007d5080000,0x00000007d52e0000,0x00000007d5300000)
  to   space 3072K, 0% used [0x00000007d4d80000,0x00000007d4d80000,0x00000007d5080000)
 ParOldGen       total 126464K, used 1536K [0x0000000746600000, 0x000000074e180000, 0x00000007c2200000)
  object space 126464K, 1% used [0x0000000746600000,0x0000000746780080,0x000000074e180000)
 PSPermGen       total 21504K, used 4073K [0x0000000741400000, 0x0000000742900000, 0x0000000746600000)
  object space 21504K, 18% used [0x0000000741400000,0x00000007417fa400,0x0000000742900000)
}
Event: 6.845 GC heap before
{Heap before GC invocations=11 (full 0):
 PSYoungGen      total 309248K, used 309120K [0x00000007c2200000, 0x00000007d5400000, 0x0000000800000000)
  eden space 306688K, 100% used [0x00000007c2200000,0x00000007d4d80000,0x00000007d4d80000)
  from space 2560K, 95% used [0x00000007d5080000,0x00000007d52e0000,0x00000007d5300000)
  to   space 3072K, 0% used [0x00000007d4d80000,0x00000007d4d80000,0x00000007d5080000)
 ParOldGen       total 126464K, used 1536K [0x0000000746600000, 0x000000074e180000, 0x00000007c2200000)
  object space 126464K, 1% used [0x0000000746600000,0x0000000746780080,0x000000074e180000)
 PSPermGen       total 21504K, used 4073K [0x0000000741400000, 0x0000000742900000, 0x0000000746600000)
  object space 21504K, 18% used [0x0000000741400000,0x00000007417fa400,0x0000000742900000)

